<?xml version="1.0" encoding="UTF-8"?>
<!-- Generated by org.testng.reporters.JUnitXMLReporter -->
<testsuite ignored="0" hostname="Vivek" failures="0" tests="18" name="Surefire test" time="147.187" errors="0" timestamp="2023-10-01T15:11:54 IST">
  <testcase classname="UserModuleBrowseProducts.NavigateCategoriesTest" name="navigateToCameras" time="1.217"/>
  <testcase classname="UserModuleBrowseProducts.NavigateCategoriesTest" name="navigateToComponentsMiceAndTrackballs" time="0.836"/>
  <testcase classname="UserModuleBrowseProducts.NavigateCategoriesTest" name="navigateToComponentsMonitors" time="0.945"/>
  <testcase classname="UserModuleBrowseProducts.NavigateCategoriesTest" name="navigateToComponentsPrinters" time="0.832"/>
  <testcase classname="UserModuleBrowseProducts.NavigateCategoriesTest" name="navigateToComponentsScanners" time="0.979"/>
  <testcase classname="UserModuleBrowseProducts.NavigateCategoriesTest" name="navigateToComponentsShowAllComponents" time="0.903"/>
  <testcase classname="UserModuleBrowseProducts.NavigateCategoriesTest" name="navigateToComponentsWebCameras" time="0.886"/>
  <testcase classname="UserModuleBrowseProducts.NavigateCategoriesTest" name="navigateToDekstopsMac" time="0.941"/>
  <testcase classname="UserModuleBrowseProducts.NavigateCategoriesTest" name="navigateToDekstopsPC" time="0.839"/>
  <testcase classname="UserModuleBrowseProducts.NavigateCategoriesTest" name="navigateToDekstopsShowAllDekstops" time="0.915"/>
  <testcase classname="UserModuleBrowseProducts.NavigateCategoriesTest" name="navigateToHomePage" time="0.368"/>
  <testcase classname="UserModuleBrowseProducts.NavigateCategoriesTest" name="navigateToLaptopsAndNotebooksMac" time="0.895"/>
  <testcase classname="UserModuleBrowseProducts.NavigateCategoriesTest" name="navigateToLaptopsAndNotebooksShowAllLaptopsAndNotebooks" time="0.945"/>
  <testcase classname="UserModuleBrowseProducts.NavigateCategoriesTest" name="navigateToLaptopsAndNotebooksWindows" time="0.882"/>
  <testcase classname="UserModuleBrowseProducts.NavigateCategoriesTest" name="navigateToMP3Players" time="0.745"/>
  <testcase classname="UserModuleBrowseProducts.NavigateCategoriesTest" name="navigateToPhonesAndPDAs" time="0.674"/>
  <testcase classname="UserModuleBrowseProducts.NavigateCategoriesTest" name="navigateToSoftware" time="0.703"/>
  <testcase classname="UserModuleBrowseProducts.NavigateCategoriesTest" name="navigateToTablets" time="0.821"/>
</testsuite> <!-- Surefire test -->
