<?xml version="1.0" encoding="UTF-8"?>
<!-- Generated by org.testng.reporters.JUnitXMLReporter -->
<testsuite ignored="0" hostname="Vivek" failures="0" tests="8" name="Default test" time="32.926" errors="0" timestamp="2023-09-29T14:30:29 IST">
  <testcase classname="UserModules.RegisterUser.RegisterMultipleUserTest" name="registerAsUserTest" time="3.194"/>
  <testcase classname="UserModules.RegisterUser.RegisterMultipleUserTest" name="registerAsUserTest" time="2.678"/>
  <testcase classname="UserModules.RegisterUser.RegisterMultipleUserTest" name="registerAsUserTest" time="2.817"/>
  <testcase classname="UserModules.RegisterUser.RegisterMultipleUserTest" name="registerAsUserTest" time="2.82"/>
  <testcase classname="UserModules.RegisterUser.RegisterMultipleUserTest" name="registerAsUserTest" time="2.918"/>
  <testcase classname="UserModules.RegisterUser.RegisterMultipleUserTest" name="registerAsUserTest" time="2.771"/>
  <testcase classname="UserModules.RegisterUser.RegisterMultipleUserTest" name="registerAsUserTest" time="2.571"/>
  <testcase classname="UserModules.RegisterUser.RegisterMultipleUserTest" name="registerAsUserTest" time="2.525"/>
</testsuite> <!-- Default test -->
