<?xml version="1.0" encoding="UTF-8"?>
<!-- Generated by org.testng.reporters.JUnitXMLReporter -->
<testsuite ignored="17" hostname="Vivek" failures="0" tests="1" name="Default test" time="12.606" errors="0" timestamp="2023-10-01T15:07:17 IST">
  <testcase classname="UserModuleBrowseProducts.NavigateCategoriesTest" name="navigateToComponentsWebCameras" time="0.845"/>
  <testcase classname="UserModuleBrowseProducts.NavigateCategoriesTest" name="navigateToSoftware" time="0.0">
    <ignored/>
  </testcase> <!-- navigateToSoftware -->
  <testcase classname="UserModuleBrowseProducts.NavigateCategoriesTest" name="navigateToMP3Players" time="0.0">
    <ignored/>
  </testcase> <!-- navigateToMP3Players -->
  <testcase classname="UserModuleBrowseProducts.NavigateCategoriesTest" name="navigateToComponentsMiceAndTrackballs" time="0.0">
    <ignored/>
  </testcase> <!-- navigateToComponentsMiceAndTrackballs -->
  <testcase classname="UserModuleBrowseProducts.NavigateCategoriesTest" name="navigateToComponentsMonitors" time="0.0">
    <ignored/>
  </testcase> <!-- navigateToComponentsMonitors -->
  <testcase classname="UserModuleBrowseProducts.NavigateCategoriesTest" name="navigateToTablets" time="0.0">
    <ignored/>
  </testcase> <!-- navigateToTablets -->
  <testcase classname="UserModuleBrowseProducts.NavigateCategoriesTest" name="navigateToComponentsShowAllComponents" time="0.0">
    <ignored/>
  </testcase> <!-- navigateToComponentsShowAllComponents -->
  <testcase classname="UserModuleBrowseProducts.NavigateCategoriesTest" name="navigateToHomePage" time="0.0">
    <ignored/>
  </testcase> <!-- navigateToHomePage -->
  <testcase classname="UserModuleBrowseProducts.NavigateCategoriesTest" name="navigateToLaptopsAndNotebooksMac" time="0.0">
    <ignored/>
  </testcase> <!-- navigateToLaptopsAndNotebooksMac -->
  <testcase classname="UserModuleBrowseProducts.NavigateCategoriesTest" name="navigateToLaptopsAndNotebooksShowAllLaptopsAndNotebooks" time="0.0">
    <ignored/>
  </testcase> <!-- navigateToLaptopsAndNotebooksShowAllLaptopsAndNotebooks -->
  <testcase classname="UserModuleBrowseProducts.NavigateCategoriesTest" name="navigateToPhonesAndPDAs" time="0.0">
    <ignored/>
  </testcase> <!-- navigateToPhonesAndPDAs -->
  <testcase classname="UserModuleBrowseProducts.NavigateCategoriesTest" name="navigateToComponentsPrinters" time="0.0">
    <ignored/>
  </testcase> <!-- navigateToComponentsPrinters -->
  <testcase classname="UserModuleBrowseProducts.NavigateCategoriesTest" name="navigateToComponentsScanners" time="0.0">
    <ignored/>
  </testcase> <!-- navigateToComponentsScanners -->
  <testcase classname="UserModuleBrowseProducts.NavigateCategoriesTest" name="navigateToDekstopsShowAllDekstops" time="0.0">
    <ignored/>
  </testcase> <!-- navigateToDekstopsShowAllDekstops -->
  <testcase classname="UserModuleBrowseProducts.NavigateCategoriesTest" name="navigateToDekstopsPC" time="0.0">
    <ignored/>
  </testcase> <!-- navigateToDekstopsPC -->
  <testcase classname="UserModuleBrowseProducts.NavigateCategoriesTest" name="navigateToLaptopsAndNotebooksWindows" time="0.0">
    <ignored/>
  </testcase> <!-- navigateToLaptopsAndNotebooksWindows -->
  <testcase classname="UserModuleBrowseProducts.NavigateCategoriesTest" name="navigateToCameras" time="0.0">
    <ignored/>
  </testcase> <!-- navigateToCameras -->
  <testcase classname="UserModuleBrowseProducts.NavigateCategoriesTest" name="navigateToDekstopsMac" time="0.0">
    <ignored/>
  </testcase> <!-- navigateToDekstopsMac -->
</testsuite> <!-- Default test -->
