<?xml version="1.0" encoding="UTF-8"?>
<testng-results ignored="0" total="18" passed="18" failed="0" skipped="0">
  <reporter-output>
    <line>
      <![CDATA[Cameras page is display.]]>
    </line>
    <line>
      <![CDATA[Mice and Trackballs page is display.]]>
    </line>
    <line>
      <![CDATA[Monitors page is display.]]>
    </line>
    <line>
      <![CDATA[Printers page is display.]]>
    </line>
    <line>
      <![CDATA[Scanners page is display.]]>
    </line>
    <line>
      <![CDATA[Show all components page is display.]]>
    </line>
    <line>
      <![CDATA[Web Cameras page is display.]]>
    </line>
    <line>
      <![CDATA[Dekstop mac page is display.]]>
    </line>
    <line>
      <![CDATA[Dekstop PC page is display.]]>
    </line>
    <line>
      <![CDATA[Show all dekstops  page is display.]]>
    </line>
    <line>
      <![CDATA[Macs page is display]]>
    </line>
    <line>
      <![CDATA[Laptops & Notebook page is display]]>
    </line>
    <line>
      <![CDATA[Windows page is display]]>
    </line>
    <line>
      <![CDATA[MP3 Players page is display.]]>
    </line>
    <line>
      <![CDATA[Phones & PDAs page is display.]]>
    </line>
    <line>
      <![CDATA[Software page is display.]]>
    </line>
    <line>
      <![CDATA[Tablets page is display.]]>
    </line>
  </reporter-output>
  <suite started-at="2023-10-01T15:09:27 IST" name="Surefire suite" finished-at="2023-10-01T15:11:54 IST" duration-ms="147187">
    <groups>
    </groups>
    <test started-at="2023-10-01T15:09:27 IST" name="Surefire test" finished-at="2023-10-01T15:11:54 IST" duration-ms="147187">
      <class name="UserModuleBrowseProducts.NavigateCategoriesTest">
        <test-method is-config="true" signature="BSConfig()[pri:0, instance:UserModuleBrowseProducts.NavigateCategoriesTest@61230f6a]" started-at="2023-10-01T15:09:27 IST" name="BSConfig" finished-at="2023-10-01T15:09:27 IST" duration-ms="16" status="PASS">
          <reporter-output>
          </reporter-output>
        </test-method> <!-- BSConfig -->
        <test-method is-config="true" signature="BCConfig()[pri:0, instance:UserModuleBrowseProducts.NavigateCategoriesTest@61230f6a]" started-at="2023-10-01T15:09:27 IST" name="BCConfig" finished-at="2023-10-01T15:09:31 IST" duration-ms="4035" status="PASS">
          <reporter-output>
          </reporter-output>
        </test-method> <!-- BCConfig -->
        <test-method is-config="true" signature="BMConfig()[pri:0, instance:UserModuleBrowseProducts.NavigateCategoriesTest@61230f6a]" started-at="2023-10-01T15:09:31 IST" name="BMConfig" finished-at="2023-10-01T15:09:35 IST" duration-ms="3871" status="PASS">
          <reporter-output>
          </reporter-output>
        </test-method> <!-- BMConfig -->
        <test-method signature="navigateToCameras()[pri:0, instance:UserModuleBrowseProducts.NavigateCategoriesTest@61230f6a]" started-at="2023-10-01T15:09:35 IST" name="navigateToCameras" finished-at="2023-10-01T15:09:36 IST" duration-ms="1217" status="PASS">
          <reporter-output>
            <line>
              <![CDATA[Cameras page is display.]]>
            </line>
          </reporter-output>
        </test-method> <!-- navigateToCameras -->
        <test-method is-config="true" signature="AMConfig()[pri:0, instance:UserModuleBrowseProducts.NavigateCategoriesTest@61230f6a]" started-at="2023-10-01T15:09:36 IST" name="AMConfig" finished-at="2023-10-01T15:09:39 IST" duration-ms="3483" status="PASS">
          <reporter-output>
          </reporter-output>
        </test-method> <!-- AMConfig -->
        <test-method is-config="true" signature="BMConfig()[pri:0, instance:UserModuleBrowseProducts.NavigateCategoriesTest@61230f6a]" started-at="2023-10-01T15:09:39 IST" name="BMConfig" finished-at="2023-10-01T15:09:43 IST" duration-ms="3620" status="PASS">
          <reporter-output>
          </reporter-output>
        </test-method> <!-- BMConfig -->
        <test-method signature="navigateToComponentsMiceAndTrackballs()[pri:0, instance:UserModuleBrowseProducts.NavigateCategoriesTest@61230f6a]" started-at="2023-10-01T15:09:43 IST" name="navigateToComponentsMiceAndTrackballs" finished-at="2023-10-01T15:09:44 IST" duration-ms="836" status="PASS">
          <reporter-output>
            <line>
              <![CDATA[Mice and Trackballs page is display.]]>
            </line>
          </reporter-output>
        </test-method> <!-- navigateToComponentsMiceAndTrackballs -->
        <test-method is-config="true" signature="AMConfig()[pri:0, instance:UserModuleBrowseProducts.NavigateCategoriesTest@61230f6a]" started-at="2023-10-01T15:09:44 IST" name="AMConfig" finished-at="2023-10-01T15:09:47 IST" duration-ms="3437" status="PASS">
          <reporter-output>
          </reporter-output>
        </test-method> <!-- AMConfig -->
        <test-method is-config="true" signature="BMConfig()[pri:0, instance:UserModuleBrowseProducts.NavigateCategoriesTest@61230f6a]" started-at="2023-10-01T15:09:47 IST" name="BMConfig" finished-at="2023-10-01T15:09:51 IST" duration-ms="3740" status="PASS">
          <reporter-output>
          </reporter-output>
        </test-method> <!-- BMConfig -->
        <test-method signature="navigateToComponentsMonitors()[pri:0, instance:UserModuleBrowseProducts.NavigateCategoriesTest@61230f6a]" started-at="2023-10-01T15:09:51 IST" name="navigateToComponentsMonitors" finished-at="2023-10-01T15:09:52 IST" duration-ms="945" status="PASS">
          <reporter-output>
            <line>
              <![CDATA[Monitors page is display.]]>
            </line>
          </reporter-output>
        </test-method> <!-- navigateToComponentsMonitors -->
        <test-method is-config="true" signature="AMConfig()[pri:0, instance:UserModuleBrowseProducts.NavigateCategoriesTest@61230f6a]" started-at="2023-10-01T15:09:52 IST" name="AMConfig" finished-at="2023-10-01T15:09:55 IST" duration-ms="3416" status="PASS">
          <reporter-output>
          </reporter-output>
        </test-method> <!-- AMConfig -->
        <test-method is-config="true" signature="BMConfig()[pri:0, instance:UserModuleBrowseProducts.NavigateCategoriesTest@61230f6a]" started-at="2023-10-01T15:09:55 IST" name="BMConfig" finished-at="2023-10-01T15:09:59 IST" duration-ms="3706" status="PASS">
          <reporter-output>
          </reporter-output>
        </test-method> <!-- BMConfig -->
        <test-method signature="navigateToComponentsPrinters()[pri:0, instance:UserModuleBrowseProducts.NavigateCategoriesTest@61230f6a]" started-at="2023-10-01T15:09:59 IST" name="navigateToComponentsPrinters" finished-at="2023-10-01T15:10:00 IST" duration-ms="832" status="PASS">
          <reporter-output>
            <line>
              <![CDATA[Printers page is display.]]>
            </line>
          </reporter-output>
        </test-method> <!-- navigateToComponentsPrinters -->
        <test-method is-config="true" signature="AMConfig()[pri:0, instance:UserModuleBrowseProducts.NavigateCategoriesTest@61230f6a]" started-at="2023-10-01T15:10:00 IST" name="AMConfig" finished-at="2023-10-01T15:10:03 IST" duration-ms="3452" status="PASS">
          <reporter-output>
          </reporter-output>
        </test-method> <!-- AMConfig -->
        <test-method is-config="true" signature="BMConfig()[pri:0, instance:UserModuleBrowseProducts.NavigateCategoriesTest@61230f6a]" started-at="2023-10-01T15:10:03 IST" name="BMConfig" finished-at="2023-10-01T15:10:07 IST" duration-ms="3647" status="PASS">
          <reporter-output>
          </reporter-output>
        </test-method> <!-- BMConfig -->
        <test-method signature="navigateToComponentsScanners()[pri:0, instance:UserModuleBrowseProducts.NavigateCategoriesTest@61230f6a]" started-at="2023-10-01T15:10:07 IST" name="navigateToComponentsScanners" finished-at="2023-10-01T15:10:08 IST" duration-ms="979" status="PASS">
          <reporter-output>
            <line>
              <![CDATA[Scanners page is display.]]>
            </line>
          </reporter-output>
        </test-method> <!-- navigateToComponentsScanners -->
        <test-method is-config="true" signature="AMConfig()[pri:0, instance:UserModuleBrowseProducts.NavigateCategoriesTest@61230f6a]" started-at="2023-10-01T15:10:08 IST" name="AMConfig" finished-at="2023-10-01T15:10:11 IST" duration-ms="3396" status="PASS">
          <reporter-output>
          </reporter-output>
        </test-method> <!-- AMConfig -->
        <test-method is-config="true" signature="BMConfig()[pri:0, instance:UserModuleBrowseProducts.NavigateCategoriesTest@61230f6a]" started-at="2023-10-01T15:10:11 IST" name="BMConfig" finished-at="2023-10-01T15:10:15 IST" duration-ms="3615" status="PASS">
          <reporter-output>
          </reporter-output>
        </test-method> <!-- BMConfig -->
        <test-method signature="navigateToComponentsShowAllComponents()[pri:0, instance:UserModuleBrowseProducts.NavigateCategoriesTest@61230f6a]" started-at="2023-10-01T15:10:15 IST" name="navigateToComponentsShowAllComponents" finished-at="2023-10-01T15:10:16 IST" duration-ms="903" status="PASS">
          <reporter-output>
            <line>
              <![CDATA[Show all components page is display.]]>
            </line>
          </reporter-output>
        </test-method> <!-- navigateToComponentsShowAllComponents -->
        <test-method is-config="true" signature="AMConfig()[pri:0, instance:UserModuleBrowseProducts.NavigateCategoriesTest@61230f6a]" started-at="2023-10-01T15:10:16 IST" name="AMConfig" finished-at="2023-10-01T15:10:19 IST" duration-ms="3413" status="PASS">
          <reporter-output>
          </reporter-output>
        </test-method> <!-- AMConfig -->
        <test-method is-config="true" signature="BMConfig()[pri:0, instance:UserModuleBrowseProducts.NavigateCategoriesTest@61230f6a]" started-at="2023-10-01T15:10:19 IST" name="BMConfig" finished-at="2023-10-01T15:10:23 IST" duration-ms="3679" status="PASS">
          <reporter-output>
          </reporter-output>
        </test-method> <!-- BMConfig -->
        <test-method signature="navigateToComponentsWebCameras()[pri:0, instance:UserModuleBrowseProducts.NavigateCategoriesTest@61230f6a]" started-at="2023-10-01T15:10:23 IST" name="navigateToComponentsWebCameras" finished-at="2023-10-01T15:10:24 IST" duration-ms="886" status="PASS">
          <reporter-output>
            <line>
              <![CDATA[Web Cameras page is display.]]>
            </line>
          </reporter-output>
        </test-method> <!-- navigateToComponentsWebCameras -->
        <test-method is-config="true" signature="AMConfig()[pri:0, instance:UserModuleBrowseProducts.NavigateCategoriesTest@61230f6a]" started-at="2023-10-01T15:10:24 IST" name="AMConfig" finished-at="2023-10-01T15:10:27 IST" duration-ms="3414" status="PASS">
          <reporter-output>
          </reporter-output>
        </test-method> <!-- AMConfig -->
        <test-method is-config="true" signature="BMConfig()[pri:0, instance:UserModuleBrowseProducts.NavigateCategoriesTest@61230f6a]" started-at="2023-10-01T15:10:27 IST" name="BMConfig" finished-at="2023-10-01T15:10:31 IST" duration-ms="3627" status="PASS">
          <reporter-output>
          </reporter-output>
        </test-method> <!-- BMConfig -->
        <test-method signature="navigateToDekstopsMac()[pri:0, instance:UserModuleBrowseProducts.NavigateCategoriesTest@61230f6a]" started-at="2023-10-01T15:10:31 IST" name="navigateToDekstopsMac" finished-at="2023-10-01T15:10:32 IST" duration-ms="941" status="PASS">
          <reporter-output>
            <line>
              <![CDATA[Dekstop mac page is display.]]>
            </line>
          </reporter-output>
        </test-method> <!-- navigateToDekstopsMac -->
        <test-method is-config="true" signature="AMConfig()[pri:0, instance:UserModuleBrowseProducts.NavigateCategoriesTest@61230f6a]" started-at="2023-10-01T15:10:32 IST" name="AMConfig" finished-at="2023-10-01T15:10:35 IST" duration-ms="3411" status="PASS">
          <reporter-output>
          </reporter-output>
        </test-method> <!-- AMConfig -->
        <test-method is-config="true" signature="BMConfig()[pri:0, instance:UserModuleBrowseProducts.NavigateCategoriesTest@61230f6a]" started-at="2023-10-01T15:10:35 IST" name="BMConfig" finished-at="2023-10-01T15:10:39 IST" duration-ms="3638" status="PASS">
          <reporter-output>
          </reporter-output>
        </test-method> <!-- BMConfig -->
        <test-method signature="navigateToDekstopsPC()[pri:0, instance:UserModuleBrowseProducts.NavigateCategoriesTest@61230f6a]" started-at="2023-10-01T15:10:39 IST" name="navigateToDekstopsPC" finished-at="2023-10-01T15:10:40 IST" duration-ms="839" status="PASS">
          <reporter-output>
            <line>
              <![CDATA[Dekstop PC page is display.]]>
            </line>
          </reporter-output>
        </test-method> <!-- navigateToDekstopsPC -->
        <test-method is-config="true" signature="AMConfig()[pri:0, instance:UserModuleBrowseProducts.NavigateCategoriesTest@61230f6a]" started-at="2023-10-01T15:10:40 IST" name="AMConfig" finished-at="2023-10-01T15:10:43 IST" duration-ms="3443" status="PASS">
          <reporter-output>
          </reporter-output>
        </test-method> <!-- AMConfig -->
        <test-method is-config="true" signature="BMConfig()[pri:0, instance:UserModuleBrowseProducts.NavigateCategoriesTest@61230f6a]" started-at="2023-10-01T15:10:43 IST" name="BMConfig" finished-at="2023-10-01T15:10:47 IST" duration-ms="3591" status="PASS">
          <reporter-output>
          </reporter-output>
        </test-method> <!-- BMConfig -->
        <test-method signature="navigateToDekstopsShowAllDekstops()[pri:0, instance:UserModuleBrowseProducts.NavigateCategoriesTest@61230f6a]" started-at="2023-10-01T15:10:47 IST" name="navigateToDekstopsShowAllDekstops" finished-at="2023-10-01T15:10:48 IST" duration-ms="915" status="PASS">
          <reporter-output>
            <line>
              <![CDATA[Show all dekstops  page is display.]]>
            </line>
          </reporter-output>
        </test-method> <!-- navigateToDekstopsShowAllDekstops -->
        <test-method is-config="true" signature="AMConfig()[pri:0, instance:UserModuleBrowseProducts.NavigateCategoriesTest@61230f6a]" started-at="2023-10-01T15:10:48 IST" name="AMConfig" finished-at="2023-10-01T15:10:51 IST" duration-ms="3411" status="PASS">
          <reporter-output>
          </reporter-output>
        </test-method> <!-- AMConfig -->
        <test-method is-config="true" signature="BMConfig()[pri:0, instance:UserModuleBrowseProducts.NavigateCategoriesTest@61230f6a]" started-at="2023-10-01T15:10:51 IST" name="BMConfig" finished-at="2023-10-01T15:10:55 IST" duration-ms="3630" status="PASS">
          <reporter-output>
          </reporter-output>
        </test-method> <!-- BMConfig -->
        <test-method signature="navigateToHomePage()[pri:0, instance:UserModuleBrowseProducts.NavigateCategoriesTest@61230f6a]" started-at="2023-10-01T15:10:55 IST" name="navigateToHomePage" finished-at="2023-10-01T15:10:55 IST" duration-ms="368" status="PASS">
          <reporter-output>
          </reporter-output>
        </test-method> <!-- navigateToHomePage -->
        <test-method is-config="true" signature="AMConfig()[pri:0, instance:UserModuleBrowseProducts.NavigateCategoriesTest@61230f6a]" started-at="2023-10-01T15:10:55 IST" name="AMConfig" finished-at="2023-10-01T15:10:58 IST" duration-ms="3497" status="PASS">
          <reporter-output>
          </reporter-output>
        </test-method> <!-- AMConfig -->
        <test-method is-config="true" signature="BMConfig()[pri:0, instance:UserModuleBrowseProducts.NavigateCategoriesTest@61230f6a]" started-at="2023-10-01T15:10:58 IST" name="BMConfig" finished-at="2023-10-01T15:11:02 IST" duration-ms="3685" status="PASS">
          <reporter-output>
          </reporter-output>
        </test-method> <!-- BMConfig -->
        <test-method signature="navigateToLaptopsAndNotebooksMac()[pri:0, instance:UserModuleBrowseProducts.NavigateCategoriesTest@61230f6a]" started-at="2023-10-01T15:11:02 IST" name="navigateToLaptopsAndNotebooksMac" finished-at="2023-10-01T15:11:03 IST" duration-ms="895" status="PASS">
          <reporter-output>
            <line>
              <![CDATA[Macs page is display]]>
            </line>
          </reporter-output>
        </test-method> <!-- navigateToLaptopsAndNotebooksMac -->
        <test-method is-config="true" signature="AMConfig()[pri:0, instance:UserModuleBrowseProducts.NavigateCategoriesTest@61230f6a]" started-at="2023-10-01T15:11:03 IST" name="AMConfig" finished-at="2023-10-01T15:11:06 IST" duration-ms="3391" status="PASS">
          <reporter-output>
          </reporter-output>
        </test-method> <!-- AMConfig -->
        <test-method is-config="true" signature="BMConfig()[pri:0, instance:UserModuleBrowseProducts.NavigateCategoriesTest@61230f6a]" started-at="2023-10-01T15:11:06 IST" name="BMConfig" finished-at="2023-10-01T15:11:10 IST" duration-ms="3651" status="PASS">
          <reporter-output>
          </reporter-output>
        </test-method> <!-- BMConfig -->
        <test-method signature="navigateToLaptopsAndNotebooksShowAllLaptopsAndNotebooks()[pri:0, instance:UserModuleBrowseProducts.NavigateCategoriesTest@61230f6a]" started-at="2023-10-01T15:11:10 IST" name="navigateToLaptopsAndNotebooksShowAllLaptopsAndNotebooks" finished-at="2023-10-01T15:11:11 IST" duration-ms="945" status="PASS">
          <reporter-output>
            <line>
              <![CDATA[Laptops & Notebook page is display]]>
            </line>
          </reporter-output>
        </test-method> <!-- navigateToLaptopsAndNotebooksShowAllLaptopsAndNotebooks -->
        <test-method is-config="true" signature="AMConfig()[pri:0, instance:UserModuleBrowseProducts.NavigateCategoriesTest@61230f6a]" started-at="2023-10-01T15:11:11 IST" name="AMConfig" finished-at="2023-10-01T15:11:14 IST" duration-ms="3460" status="PASS">
          <reporter-output>
          </reporter-output>
        </test-method> <!-- AMConfig -->
        <test-method is-config="true" signature="BMConfig()[pri:0, instance:UserModuleBrowseProducts.NavigateCategoriesTest@61230f6a]" started-at="2023-10-01T15:11:14 IST" name="BMConfig" finished-at="2023-10-01T15:11:18 IST" duration-ms="3672" status="PASS">
          <reporter-output>
          </reporter-output>
        </test-method> <!-- BMConfig -->
        <test-method signature="navigateToLaptopsAndNotebooksWindows()[pri:0, instance:UserModuleBrowseProducts.NavigateCategoriesTest@61230f6a]" started-at="2023-10-01T15:11:18 IST" name="navigateToLaptopsAndNotebooksWindows" finished-at="2023-10-01T15:11:19 IST" duration-ms="882" status="PASS">
          <reporter-output>
            <line>
              <![CDATA[Windows page is display]]>
            </line>
          </reporter-output>
        </test-method> <!-- navigateToLaptopsAndNotebooksWindows -->
        <test-method is-config="true" signature="AMConfig()[pri:0, instance:UserModuleBrowseProducts.NavigateCategoriesTest@61230f6a]" started-at="2023-10-01T15:11:19 IST" name="AMConfig" finished-at="2023-10-01T15:11:22 IST" duration-ms="3354" status="PASS">
          <reporter-output>
          </reporter-output>
        </test-method> <!-- AMConfig -->
        <test-method is-config="true" signature="BMConfig()[pri:0, instance:UserModuleBrowseProducts.NavigateCategoriesTest@61230f6a]" started-at="2023-10-01T15:11:22 IST" name="BMConfig" finished-at="2023-10-01T15:11:26 IST" duration-ms="3608" status="PASS">
          <reporter-output>
          </reporter-output>
        </test-method> <!-- BMConfig -->
        <test-method signature="navigateToMP3Players()[pri:0, instance:UserModuleBrowseProducts.NavigateCategoriesTest@61230f6a]" started-at="2023-10-01T15:11:26 IST" name="navigateToMP3Players" finished-at="2023-10-01T15:11:27 IST" duration-ms="745" status="PASS">
          <reporter-output>
            <line>
              <![CDATA[MP3 Players page is display.]]>
            </line>
          </reporter-output>
        </test-method> <!-- navigateToMP3Players -->
        <test-method is-config="true" signature="AMConfig()[pri:0, instance:UserModuleBrowseProducts.NavigateCategoriesTest@61230f6a]" started-at="2023-10-01T15:11:27 IST" name="AMConfig" finished-at="2023-10-01T15:11:30 IST" duration-ms="3425" status="PASS">
          <reporter-output>
          </reporter-output>
        </test-method> <!-- AMConfig -->
        <test-method is-config="true" signature="BMConfig()[pri:0, instance:UserModuleBrowseProducts.NavigateCategoriesTest@61230f6a]" started-at="2023-10-01T15:11:30 IST" name="BMConfig" finished-at="2023-10-01T15:11:34 IST" duration-ms="3590" status="PASS">
          <reporter-output>
          </reporter-output>
        </test-method> <!-- BMConfig -->
        <test-method signature="navigateToPhonesAndPDAs()[pri:0, instance:UserModuleBrowseProducts.NavigateCategoriesTest@61230f6a]" started-at="2023-10-01T15:11:34 IST" name="navigateToPhonesAndPDAs" finished-at="2023-10-01T15:11:34 IST" duration-ms="674" status="PASS">
          <reporter-output>
            <line>
              <![CDATA[Phones & PDAs page is display.]]>
            </line>
          </reporter-output>
        </test-method> <!-- navigateToPhonesAndPDAs -->
        <test-method is-config="true" signature="AMConfig()[pri:0, instance:UserModuleBrowseProducts.NavigateCategoriesTest@61230f6a]" started-at="2023-10-01T15:11:34 IST" name="AMConfig" finished-at="2023-10-01T15:11:38 IST" duration-ms="3371" status="PASS">
          <reporter-output>
          </reporter-output>
        </test-method> <!-- AMConfig -->
        <test-method is-config="true" signature="BMConfig()[pri:0, instance:UserModuleBrowseProducts.NavigateCategoriesTest@61230f6a]" started-at="2023-10-01T15:11:38 IST" name="BMConfig" finished-at="2023-10-01T15:11:41 IST" duration-ms="3620" status="PASS">
          <reporter-output>
          </reporter-output>
        </test-method> <!-- BMConfig -->
        <test-method signature="navigateToSoftware()[pri:0, instance:UserModuleBrowseProducts.NavigateCategoriesTest@61230f6a]" started-at="2023-10-01T15:11:41 IST" name="navigateToSoftware" finished-at="2023-10-01T15:11:42 IST" duration-ms="703" status="PASS">
          <reporter-output>
            <line>
              <![CDATA[Software page is display.]]>
            </line>
          </reporter-output>
        </test-method> <!-- navigateToSoftware -->
        <test-method is-config="true" signature="AMConfig()[pri:0, instance:UserModuleBrowseProducts.NavigateCategoriesTest@61230f6a]" started-at="2023-10-01T15:11:42 IST" name="AMConfig" finished-at="2023-10-01T15:11:46 IST" duration-ms="3415" status="PASS">
          <reporter-output>
          </reporter-output>
        </test-method> <!-- AMConfig -->
        <test-method is-config="true" signature="BMConfig()[pri:0, instance:UserModuleBrowseProducts.NavigateCategoriesTest@61230f6a]" started-at="2023-10-01T15:11:46 IST" name="BMConfig" finished-at="2023-10-01T15:11:49 IST" duration-ms="3639" status="PASS">
          <reporter-output>
          </reporter-output>
        </test-method> <!-- BMConfig -->
        <test-method signature="navigateToTablets()[pri:0, instance:UserModuleBrowseProducts.NavigateCategoriesTest@61230f6a]" started-at="2023-10-01T15:11:49 IST" name="navigateToTablets" finished-at="2023-10-01T15:11:50 IST" duration-ms="821" status="PASS">
          <reporter-output>
            <line>
              <![CDATA[Tablets page is display.]]>
            </line>
          </reporter-output>
        </test-method> <!-- navigateToTablets -->
        <test-method is-config="true" signature="AMConfig()[pri:0, instance:UserModuleBrowseProducts.NavigateCategoriesTest@61230f6a]" started-at="2023-10-01T15:11:50 IST" name="AMConfig" finished-at="2023-10-01T15:11:53 IST" duration-ms="3404" status="PASS">
          <reporter-output>
          </reporter-output>
        </test-method> <!-- AMConfig -->
        <test-method is-config="true" signature="ACConfig()[pri:0, instance:UserModuleBrowseProducts.NavigateCategoriesTest@61230f6a]" started-at="2023-10-01T15:11:53 IST" name="ACConfig" finished-at="2023-10-01T15:11:54 IST" duration-ms="327" status="PASS">
          <reporter-output>
          </reporter-output>
        </test-method> <!-- ACConfig -->
        <test-method is-config="true" signature="ASConfig()[pri:0, instance:UserModuleBrowseProducts.NavigateCategoriesTest@61230f6a]" started-at="2023-10-01T15:11:54 IST" name="ASConfig" finished-at="2023-10-01T15:11:54 IST" duration-ms="0" status="PASS">
          <reporter-output>
          </reporter-output>
        </test-method> <!-- ASConfig -->
      </class> <!-- UserModuleBrowseProducts.NavigateCategoriesTest -->
    </test> <!-- Surefire test -->
  </suite> <!-- Surefire suite -->
</testng-results>
