<?xml version="1.0" encoding="UTF-8"?>
<testng-results ignored="0" total="1" passed="1" failed="0" skipped="0">
  <reporter-output>
    <line>
      <![CDATA[Search product page is display]]>
    </line>
    <line>
      <![CDATA[Apple Cinema 30 page is display.]]>
    </line>
    <line>
      <![CDATA[Apple Cinema 30 Title display]]>
    </line>
  </reporter-output>
  <suite started-at="2023-10-04T20:24:07 IST" name="Surefire suite" finished-at="2023-10-04T20:24:20 IST" duration-ms="13242">
    <groups>
    </groups>
    <test started-at="2023-10-04T20:24:07 IST" name="Surefire test" finished-at="2023-10-04T20:24:20 IST" duration-ms="13242">
      <class name="UserModule.ProductDetailsPage.ProductDetailPageTest">
        <test-method is-config="true" signature="BSConfig()[pri:0, instance:UserModule.ProductDetailsPage.ProductDetailPageTest@1b1473ab]" started-at="2023-10-04T20:24:07 IST" name="BSConfig" finished-at="2023-10-04T20:24:07 IST" duration-ms="16" status="PASS">
          <reporter-output>
          </reporter-output>
        </test-method> <!-- BSConfig -->
        <test-method is-config="true" signature="BCConfig()[pri:0, instance:UserModule.ProductDetailsPage.ProductDetailPageTest@1b1473ab]" started-at="2023-10-04T20:24:07 IST" name="BCConfig" finished-at="2023-10-04T20:24:11 IST" duration-ms="3605" status="PASS">
          <reporter-output>
          </reporter-output>
        </test-method> <!-- BCConfig -->
        <test-method is-config="true" signature="BMConfig()[pri:0, instance:UserModule.ProductDetailsPage.ProductDetailPageTest@1b1473ab]" started-at="2023-10-04T20:24:11 IST" name="BMConfig" finished-at="2023-10-04T20:24:15 IST" duration-ms="4317" status="PASS">
          <reporter-output>
          </reporter-output>
        </test-method> <!-- BMConfig -->
        <test-method signature="productDetailPageTest()[pri:0, instance:UserModule.ProductDetailsPage.ProductDetailPageTest@1b1473ab]" started-at="2023-10-04T20:24:15 IST" name="productDetailPageTest" finished-at="2023-10-04T20:24:17 IST" duration-ms="1655" status="PASS">
          <reporter-output>
            <line>
              <![CDATA[Search product page is display]]>
            </line>
            <line>
              <![CDATA[Apple Cinema 30 page is display.]]>
            </line>
            <line>
              <![CDATA[Apple Cinema 30 Title display]]>
            </line>
          </reporter-output>
        </test-method> <!-- productDetailPageTest -->
        <test-method is-config="true" signature="AMConfig()[pri:0, instance:UserModule.ProductDetailsPage.ProductDetailPageTest@1b1473ab]" started-at="2023-10-04T20:24:17 IST" name="AMConfig" finished-at="2023-10-04T20:24:20 IST" duration-ms="3379" status="PASS">
          <reporter-output>
          </reporter-output>
        </test-method> <!-- AMConfig -->
        <test-method is-config="true" signature="ACConfig()[pri:0, instance:UserModule.ProductDetailsPage.ProductDetailPageTest@1b1473ab]" started-at="2023-10-04T20:24:20 IST" name="ACConfig" finished-at="2023-10-04T20:24:20 IST" duration-ms="239" status="PASS">
          <reporter-output>
          </reporter-output>
        </test-method> <!-- ACConfig -->
        <test-method is-config="true" signature="ASConfig()[pri:0, instance:UserModule.ProductDetailsPage.ProductDetailPageTest@1b1473ab]" started-at="2023-10-04T20:24:20 IST" name="ASConfig" finished-at="2023-10-04T20:24:20 IST" duration-ms="0" status="PASS">
          <reporter-output>
          </reporter-output>
        </test-method> <!-- ASConfig -->
      </class> <!-- UserModule.ProductDetailsPage.ProductDetailPageTest -->
    </test> <!-- Surefire test -->
  </suite> <!-- Surefire suite -->
</testng-results>
