<?xml version="1.0" encoding="UTF-8"?>
<testng-results ignored="17" total="18" passed="1" failed="0" skipped="0">
  <reporter-output>
    <line>
      <![CDATA[Web Cameras page is display.]]>
    </line>
  </reporter-output>
  <suite started-at="2023-10-01T15:07:05 IST" name="Default suite" finished-at="2023-10-01T15:07:17 IST" duration-ms="12606">
    <groups>
    </groups>
    <test started-at="2023-10-01T15:07:05 IST" name="Default test" finished-at="2023-10-01T15:07:17 IST" duration-ms="12606">
      <class name="UserModuleBrowseProducts.NavigateCategoriesTest">
        <test-method is-config="true" signature="BSConfig()[pri:0, instance:UserModuleBrowseProducts.NavigateCategoriesTest@710c2b53]" started-at="2023-10-01T15:07:05 IST" name="BSConfig" finished-at="2023-10-01T15:07:05 IST" duration-ms="11" status="PASS">
          <reporter-output>
          </reporter-output>
        </test-method> <!-- BSConfig -->
        <test-method is-config="true" signature="BCConfig()[pri:0, instance:UserModuleBrowseProducts.NavigateCategoriesTest@710c2b53]" started-at="2023-10-01T15:07:05 IST" name="BCConfig" finished-at="2023-10-01T15:07:09 IST" duration-ms="4092" status="PASS">
          <reporter-output>
          </reporter-output>
        </test-method> <!-- BCConfig -->
        <test-method is-config="true" signature="BMConfig()[pri:0, instance:UserModuleBrowseProducts.NavigateCategoriesTest@710c2b53]" started-at="2023-10-01T15:07:09 IST" name="BMConfig" finished-at="2023-10-01T15:07:13 IST" duration-ms="3895" status="PASS">
          <reporter-output>
          </reporter-output>
        </test-method> <!-- BMConfig -->
        <test-method signature="navigateToComponentsWebCameras()[pri:0, instance:UserModuleBrowseProducts.NavigateCategoriesTest@710c2b53]" started-at="2023-10-01T15:07:13 IST" name="navigateToComponentsWebCameras" finished-at="2023-10-01T15:07:13 IST" duration-ms="845" status="PASS">
          <reporter-output>
            <line>
              <![CDATA[Web Cameras page is display.]]>
            </line>
          </reporter-output>
        </test-method> <!-- navigateToComponentsWebCameras -->
        <test-method is-config="true" signature="AMConfig()[pri:0, instance:UserModuleBrowseProducts.NavigateCategoriesTest@710c2b53]" started-at="2023-10-01T15:07:13 IST" name="AMConfig" finished-at="2023-10-01T15:07:17 IST" duration-ms="3424" status="PASS">
          <reporter-output>
          </reporter-output>
        </test-method> <!-- AMConfig -->
        <test-method is-config="true" signature="ACConfig()[pri:0, instance:UserModuleBrowseProducts.NavigateCategoriesTest@710c2b53]" started-at="2023-10-01T15:07:17 IST" name="ACConfig" finished-at="2023-10-01T15:07:17 IST" duration-ms="274" status="PASS">
          <reporter-output>
          </reporter-output>
        </test-method> <!-- ACConfig -->
        <test-method is-config="true" signature="ASConfig()[pri:0, instance:UserModuleBrowseProducts.NavigateCategoriesTest@710c2b53]" started-at="2023-10-01T15:07:17 IST" name="ASConfig" finished-at="2023-10-01T15:07:17 IST" duration-ms="0" status="PASS">
          <reporter-output>
          </reporter-output>
        </test-method> <!-- ASConfig -->
      </class> <!-- UserModuleBrowseProducts.NavigateCategoriesTest -->
    </test> <!-- Default test -->
  </suite> <!-- Default suite -->
</testng-results>
